ERROR - 2024-03-01 12:44:26 --> Error connecting to the database: Unknown database 'playground2'
CRITICAL - 2024-03-01 12:44:26 --> Unable to connect to the database.
Main connection [MySQLi]: Unknown database 'playground2'
#0 C:\xampp\htdocs\pg\system\Database\BaseConnection.php(577): CodeIgniter\Database\BaseConnection->initialize()
#1 C:\xampp\htdocs\pg\system\Database\BaseBuilder.php(1588): CodeIgniter\Database\BaseConnection->query('SELECT *\nFROM `...', Array, false)
#2 C:\xampp\htdocs\pg\app\Models\M_model.php(45): CodeIgniter\Database\BaseBuilder->getWhere(Array)
#3 C:\xampp\htdocs\pg\app\Controllers\Home.php(46): App\Models\M_model->getRowArray('user', Array)
#4 C:\xampp\htdocs\pg\system\CodeIgniter.php(832): App\Controllers\Home->aksi_login()
#5 C:\xampp\htdocs\pg\system\CodeIgniter.php(419): CodeIgniter\CodeIgniter->runController(Object(App\Controllers\Home))
#6 C:\xampp\htdocs\pg\system\CodeIgniter.php(326): CodeIgniter\CodeIgniter->handleRequest(NULL, Object(Config\Cache), false)
#7 C:\xampp\htdocs\pg\public\index.php(37): CodeIgniter\CodeIgniter->run()
#8 C:\xampp\htdocs\pg\system\Commands\Server\rewrite.php(43): require_once('C:\\xampp\\htdocs...')
#9 {main}
ERROR - 2024-03-01 12:44:35 --> Error connecting to the database: Unknown database 'playground2'
CRITICAL - 2024-03-01 12:44:35 --> Unable to connect to the database.
Main connection [MySQLi]: Unknown database 'playground2'
#0 C:\xampp\htdocs\pg\system\Database\BaseConnection.php(577): CodeIgniter\Database\BaseConnection->initialize()
#1 C:\xampp\htdocs\pg\system\Database\BaseBuilder.php(1588): CodeIgniter\Database\BaseConnection->query('SELECT *\nFROM `...', Array, false)
#2 C:\xampp\htdocs\pg\app\Models\M_model.php(45): CodeIgniter\Database\BaseBuilder->getWhere(Array)
#3 C:\xampp\htdocs\pg\app\Controllers\Home.php(46): App\Models\M_model->getRowArray('user', Array)
#4 C:\xampp\htdocs\pg\system\CodeIgniter.php(832): App\Controllers\Home->aksi_login()
#5 C:\xampp\htdocs\pg\system\CodeIgniter.php(419): CodeIgniter\CodeIgniter->runController(Object(App\Controllers\Home))
#6 C:\xampp\htdocs\pg\system\CodeIgniter.php(326): CodeIgniter\CodeIgniter->handleRequest(NULL, Object(Config\Cache), false)
#7 C:\xampp\htdocs\pg\public\index.php(37): CodeIgniter\CodeIgniter->run()
#8 C:\xampp\htdocs\pg\system\Commands\Server\rewrite.php(43): require_once('C:\\xampp\\htdocs...')
#9 {main}
ERROR - 2024-03-01 12:46:38 --> Error connecting to the database: Unknown database 'playground2'
CRITICAL - 2024-03-01 12:46:38 --> Unable to connect to the database.
Main connection [MySQLi]: Unknown database 'playground2'
#0 C:\xampp\htdocs\pg\system\Database\BaseConnection.php(577): CodeIgniter\Database\BaseConnection->initialize()
#1 C:\xampp\htdocs\pg\system\Database\BaseBuilder.php(1588): CodeIgniter\Database\BaseConnection->query('SELECT *\nFROM `...', Array, false)
#2 C:\xampp\htdocs\pg\app\Models\M_model.php(45): CodeIgniter\Database\BaseBuilder->getWhere(Array)
#3 C:\xampp\htdocs\pg\app\Controllers\Home.php(46): App\Models\M_model->getRowArray('user', Array)
#4 C:\xampp\htdocs\pg\system\CodeIgniter.php(832): App\Controllers\Home->aksi_login()
#5 C:\xampp\htdocs\pg\system\CodeIgniter.php(419): CodeIgniter\CodeIgniter->runController(Object(App\Controllers\Home))
#6 C:\xampp\htdocs\pg\system\CodeIgniter.php(326): CodeIgniter\CodeIgniter->handleRequest(NULL, Object(Config\Cache), false)
#7 C:\xampp\htdocs\pg\public\index.php(37): CodeIgniter\CodeIgniter->run()
#8 C:\xampp\htdocs\pg\system\Commands\Server\rewrite.php(43): require_once('C:\\xampp\\htdocs...')
#9 {main}
ERROR - 2024-03-01 12:46:51 --> Error connecting to the database: Unknown database 'playground2'
CRITICAL - 2024-03-01 12:46:51 --> Unable to connect to the database.
Main connection [MySQLi]: Unknown database 'playground2'
#0 C:\xampp\htdocs\pg\system\Database\BaseConnection.php(577): CodeIgniter\Database\BaseConnection->initialize()
#1 C:\xampp\htdocs\pg\system\Database\BaseBuilder.php(1588): CodeIgniter\Database\BaseConnection->query('SELECT *\nFROM `...', Array, false)
#2 C:\xampp\htdocs\pg\app\Models\M_model.php(45): CodeIgniter\Database\BaseBuilder->getWhere(Array)
#3 C:\xampp\htdocs\pg\app\Controllers\Home.php(46): App\Models\M_model->getRowArray('user', Array)
#4 C:\xampp\htdocs\pg\system\CodeIgniter.php(832): App\Controllers\Home->aksi_login()
#5 C:\xampp\htdocs\pg\system\CodeIgniter.php(419): CodeIgniter\CodeIgniter->runController(Object(App\Controllers\Home))
#6 C:\xampp\htdocs\pg\system\CodeIgniter.php(326): CodeIgniter\CodeIgniter->handleRequest(NULL, Object(Config\Cache), false)
#7 C:\xampp\htdocs\pg\public\index.php(37): CodeIgniter\CodeIgniter->run()
#8 C:\xampp\htdocs\pg\system\Commands\Server\rewrite.php(43): require_once('C:\\xampp\\htdocs...')
#9 {main}
ERROR - 2024-03-01 12:48:51 --> Error connecting to the database: Unknown database 'playground2'
CRITICAL - 2024-03-01 12:48:51 --> Unable to connect to the database.
Main connection [MySQLi]: Unknown database 'playground2'
#0 C:\xampp\htdocs\pg\system\Database\BaseConnection.php(577): CodeIgniter\Database\BaseConnection->initialize()
#1 C:\xampp\htdocs\pg\system\Database\BaseBuilder.php(1588): CodeIgniter\Database\BaseConnection->query('SELECT *\nFROM `...', Array, false)
#2 C:\xampp\htdocs\pg\app\Models\M_model.php(45): CodeIgniter\Database\BaseBuilder->getWhere(Array)
#3 C:\xampp\htdocs\pg\app\Controllers\Home.php(46): App\Models\M_model->getRowArray('user', Array)
#4 C:\xampp\htdocs\pg\system\CodeIgniter.php(832): App\Controllers\Home->aksi_login()
#5 C:\xampp\htdocs\pg\system\CodeIgniter.php(419): CodeIgniter\CodeIgniter->runController(Object(App\Controllers\Home))
#6 C:\xampp\htdocs\pg\system\CodeIgniter.php(326): CodeIgniter\CodeIgniter->handleRequest(NULL, Object(Config\Cache), false)
#7 C:\xampp\htdocs\pg\public\index.php(37): CodeIgniter\CodeIgniter->run()
#8 C:\xampp\htdocs\pg\system\Commands\Server\rewrite.php(43): require_once('C:\\xampp\\htdocs...')
#9 {main}
CRITICAL - 2024-03-01 14:18:17 --> Too few arguments to function App\Controllers\Home::edit_status(), 0 passed in C:\xampp\htdocs\pg\system\CodeIgniter.php on line 832 and exactly 1 expected
#0 C:\xampp\htdocs\pg\system\CodeIgniter.php(832): App\Controllers\Home->edit_status()
#1 C:\xampp\htdocs\pg\system\CodeIgniter.php(419): CodeIgniter\CodeIgniter->runController(Object(App\Controllers\Home))
#2 C:\xampp\htdocs\pg\system\CodeIgniter.php(326): CodeIgniter\CodeIgniter->handleRequest(NULL, Object(Config\Cache), false)
#3 C:\xampp\htdocs\pg\public\index.php(37): CodeIgniter\CodeIgniter->run()
#4 C:\xampp\htdocs\pg\system\Commands\Server\rewrite.php(43): require_once('C:\\xampp\\htdocs...')
#5 {main}
CRITICAL - 2024-03-01 14:32:24 --> Call to undefined method PhpOffice\PhpSpreadsheet\Worksheet\Worksheet::getbarisDimension()
#0 C:\xampp\htdocs\pg\system\CodeIgniter.php(832): App\Controllers\Laporan->excel()
#1 C:\xampp\htdocs\pg\system\CodeIgniter.php(419): CodeIgniter\CodeIgniter->runController(Object(App\Controllers\Laporan))
#2 C:\xampp\htdocs\pg\system\CodeIgniter.php(326): CodeIgniter\CodeIgniter->handleRequest(NULL, Object(Config\Cache), false)
#3 C:\xampp\htdocs\pg\public\index.php(37): CodeIgniter\CodeIgniter->run()
#4 C:\xampp\htdocs\pg\system\Commands\Server\rewrite.php(43): require_once('C:\\xampp\\htdocs...')
#5 {main}
CRITICAL - 2024-03-01 14:32:51 --> Call to undefined method PhpOffice\PhpSpreadsheet\Worksheet\Worksheet::getbarisDimension()
#0 C:\xampp\htdocs\pg\system\CodeIgniter.php(832): App\Controllers\Laporan->excel()
#1 C:\xampp\htdocs\pg\system\CodeIgniter.php(419): CodeIgniter\CodeIgniter->runController(Object(App\Controllers\Laporan))
#2 C:\xampp\htdocs\pg\system\CodeIgniter.php(326): CodeIgniter\CodeIgniter->handleRequest(NULL, Object(Config\Cache), false)
#3 C:\xampp\htdocs\pg\public\index.php(37): CodeIgniter\CodeIgniter->run()
#4 C:\xampp\htdocs\pg\system\Commands\Server\rewrite.php(43): require_once('C:\\xampp\\htdocs...')
#5 {main}
CRITICAL - 2024-03-01 14:32:59 --> Call to undefined method PhpOffice\PhpSpreadsheet\Worksheet\Worksheet::getbarisDimension()
#0 C:\xampp\htdocs\pg\system\CodeIgniter.php(832): App\Controllers\Laporan->excel_pengeluaran()
#1 C:\xampp\htdocs\pg\system\CodeIgniter.php(419): CodeIgniter\CodeIgniter->runController(Object(App\Controllers\Laporan))
#2 C:\xampp\htdocs\pg\system\CodeIgniter.php(326): CodeIgniter\CodeIgniter->handleRequest(NULL, Object(Config\Cache), false)
#3 C:\xampp\htdocs\pg\public\index.php(37): CodeIgniter\CodeIgniter->run()
#4 C:\xampp\htdocs\pg\system\Commands\Server\rewrite.php(43): require_once('C:\\xampp\\htdocs...')
#5 {main}
ERROR - 2024-03-01 14:40:09 --> Duplicate entry 'Admin' for key 'USERNAME'
ERROR - 2024-03-01 14:40:32 --> Duplicate entry '423423223' for key 'NO_TELP'
ERROR - 2024-03-01 14:47:02 --> Duplicate entry 'Admin' for key 'USERNAME'
CRITICAL - 2024-03-01 14:52:38 --> syntax error, unexpected 'public' (T_PUBLIC)
#0 C:\xampp\htdocs\pg\system\Router\Router.php(175): CodeIgniter\Router\Router->autoRoute('laporan')
#1 C:\xampp\htdocs\pg\system\CodeIgniter.php(726): CodeIgniter\Router\Router->handle('laporan')
#2 C:\xampp\htdocs\pg\system\CodeIgniter.php(368): CodeIgniter\CodeIgniter->tryToRouteIt(Object(CodeIgniter\Router\RouteCollection))
#3 C:\xampp\htdocs\pg\system\CodeIgniter.php(326): CodeIgniter\CodeIgniter->handleRequest(NULL, Object(Config\Cache), false)
#4 C:\xampp\htdocs\pg\public\index.php(37): CodeIgniter\CodeIgniter->run()
#5 C:\xampp\htdocs\pg\system\Commands\Server\rewrite.php(43): require_once('C:\\xampp\\htdocs...')
#6 {main}
CRITICAL - 2024-03-01 14:52:48 --> syntax error, unexpected 'public' (T_PUBLIC)
#0 C:\xampp\htdocs\pg\system\Router\Router.php(175): CodeIgniter\Router\Router->autoRoute('laporan')
#1 C:\xampp\htdocs\pg\system\CodeIgniter.php(726): CodeIgniter\Router\Router->handle('laporan')
#2 C:\xampp\htdocs\pg\system\CodeIgniter.php(368): CodeIgniter\CodeIgniter->tryToRouteIt(Object(CodeIgniter\Router\RouteCollection))
#3 C:\xampp\htdocs\pg\system\CodeIgniter.php(326): CodeIgniter\CodeIgniter->handleRequest(NULL, Object(Config\Cache), false)
#4 C:\xampp\htdocs\pg\public\index.php(37): CodeIgniter\CodeIgniter->run()
#5 C:\xampp\htdocs\pg\system\Commands\Server\rewrite.php(43): require_once('C:\\xampp\\htdocs...')
#6 {main}
CRITICAL - 2024-03-01 14:54:25 --> Call to undefined method PhpOffice\PhpSpreadsheet\Worksheet\Worksheet::getbarisDimension()
#0 C:\xampp\htdocs\pg\system\CodeIgniter.php(832): App\Controllers\Laporan->excel()
#1 C:\xampp\htdocs\pg\system\CodeIgniter.php(419): CodeIgniter\CodeIgniter->runController(Object(App\Controllers\Laporan))
#2 C:\xampp\htdocs\pg\system\CodeIgniter.php(326): CodeIgniter\CodeIgniter->handleRequest(NULL, Object(Config\Cache), false)
#3 C:\xampp\htdocs\pg\public\index.php(37): CodeIgniter\CodeIgniter->run()
#4 C:\xampp\htdocs\pg\system\Commands\Server\rewrite.php(43): require_once('C:\\xampp\\htdocs...')
#5 {main}
CRITICAL - 2024-03-01 14:55:03 --> Call to undefined method PhpOffice\PhpSpreadsheet\Worksheet\Worksheet::getbarisDimension()
#0 C:\xampp\htdocs\pg\system\CodeIgniter.php(832): App\Controllers\Laporan->excel()
#1 C:\xampp\htdocs\pg\system\CodeIgniter.php(419): CodeIgniter\CodeIgniter->runController(Object(App\Controllers\Laporan))
#2 C:\xampp\htdocs\pg\system\CodeIgniter.php(326): CodeIgniter\CodeIgniter->handleRequest(NULL, Object(Config\Cache), false)
#3 C:\xampp\htdocs\pg\public\index.php(37): CodeIgniter\CodeIgniter->run()
#4 C:\xampp\htdocs\pg\system\Commands\Server\rewrite.php(43): require_once('C:\\xampp\\htdocs...')
#5 {main}
ERROR - 2024-03-01 15:33:35 --> Error connecting to the database: Unknown database 'pg'
CRITICAL - 2024-03-01 15:33:35 --> Unable to connect to the database.
Main connection [MySQLi]: Unknown database 'pg'
#0 D:\DILLON RPL XIIC\pg\system\Database\BaseConnection.php(577): CodeIgniter\Database\BaseConnection->initialize()
#1 D:\DILLON RPL XIIC\pg\system\Database\BaseBuilder.php(1588): CodeIgniter\Database\BaseConnection->query('SELECT *\nFROM `...', Array, false)
#2 D:\DILLON RPL XIIC\pg\app\Models\M_model.php(45): CodeIgniter\Database\BaseBuilder->getWhere(Array)
#3 D:\DILLON RPL XIIC\pg\app\Controllers\Home.php(46): App\Models\M_model->getRowArray('user', Array)
#4 D:\DILLON RPL XIIC\pg\system\CodeIgniter.php(832): App\Controllers\Home->aksi_login()
#5 D:\DILLON RPL XIIC\pg\system\CodeIgniter.php(419): CodeIgniter\CodeIgniter->runController(Object(App\Controllers\Home))
#6 D:\DILLON RPL XIIC\pg\system\CodeIgniter.php(326): CodeIgniter\CodeIgniter->handleRequest(NULL, Object(Config\Cache), false)
#7 D:\DILLON RPL XIIC\pg\public\index.php(37): CodeIgniter\CodeIgniter->run()
#8 D:\DILLON RPL XIIC\pg\system\Commands\Server\rewrite.php(43): require_once('D:\\DILLON RPL X...')
#9 {main}
CRITICAL - 2024-03-01 15:34:35 --> Call to undefined method PhpOffice\PhpSpreadsheet\Worksheet\Worksheet::getbarisDimension()
#0 D:\DILLON RPL XIIC\pg\system\CodeIgniter.php(832): App\Controllers\Laporan->excel()
#1 D:\DILLON RPL XIIC\pg\system\CodeIgniter.php(419): CodeIgniter\CodeIgniter->runController(Object(App\Controllers\Laporan))
#2 D:\DILLON RPL XIIC\pg\system\CodeIgniter.php(326): CodeIgniter\CodeIgniter->handleRequest(NULL, Object(Config\Cache), false)
#3 D:\DILLON RPL XIIC\pg\public\index.php(37): CodeIgniter\CodeIgniter->run()
#4 D:\DILLON RPL XIIC\pg\system\Commands\Server\rewrite.php(43): require_once('D:\\DILLON RPL X...')
#5 {main}
CRITICAL - 2024-03-01 15:35:58 --> syntax error, unexpected '$spreadsheet' (T_VARIABLE), expecting function (T_FUNCTION) or const (T_CONST)
#0 D:\DILLON RPL XIIC\pg\system\Router\Router.php(175): CodeIgniter\Router\Router->autoRoute('laporan')
#1 D:\DILLON RPL XIIC\pg\system\CodeIgniter.php(726): CodeIgniter\Router\Router->handle('laporan')
#2 D:\DILLON RPL XIIC\pg\system\CodeIgniter.php(368): CodeIgniter\CodeIgniter->tryToRouteIt(Object(CodeIgniter\Router\RouteCollection))
#3 D:\DILLON RPL XIIC\pg\system\CodeIgniter.php(326): CodeIgniter\CodeIgniter->handleRequest(NULL, Object(Config\Cache), false)
#4 D:\DILLON RPL XIIC\pg\public\index.php(37): CodeIgniter\CodeIgniter->run()
#5 D:\DILLON RPL XIIC\pg\system\Commands\Server\rewrite.php(43): require_once('D:\\DILLON RPL X...')
#6 {main}
CRITICAL - 2024-03-01 15:36:01 --> syntax error, unexpected '$spreadsheet' (T_VARIABLE), expecting function (T_FUNCTION) or const (T_CONST)
#0 D:\DILLON RPL XIIC\pg\system\Router\Router.php(175): CodeIgniter\Router\Router->autoRoute('laporan/pengelu...')
#1 D:\DILLON RPL XIIC\pg\system\CodeIgniter.php(726): CodeIgniter\Router\Router->handle('laporan/pengelu...')
#2 D:\DILLON RPL XIIC\pg\system\CodeIgniter.php(368): CodeIgniter\CodeIgniter->tryToRouteIt(Object(CodeIgniter\Router\RouteCollection))
#3 D:\DILLON RPL XIIC\pg\system\CodeIgniter.php(326): CodeIgniter\CodeIgniter->handleRequest(NULL, Object(Config\Cache), false)
#4 D:\DILLON RPL XIIC\pg\public\index.php(37): CodeIgniter\CodeIgniter->run()
#5 D:\DILLON RPL XIIC\pg\system\Commands\Server\rewrite.php(43): require_once('D:\\DILLON RPL X...')
#6 {main}
CRITICAL - 2024-03-01 15:36:05 --> syntax error, unexpected '$spreadsheet' (T_VARIABLE), expecting function (T_FUNCTION) or const (T_CONST)
#0 D:\DILLON RPL XIIC\pg\system\Router\Router.php(175): CodeIgniter\Router\Router->autoRoute('laporan')
#1 D:\DILLON RPL XIIC\pg\system\CodeIgniter.php(726): CodeIgniter\Router\Router->handle('laporan')
#2 D:\DILLON RPL XIIC\pg\system\CodeIgniter.php(368): CodeIgniter\CodeIgniter->tryToRouteIt(Object(CodeIgniter\Router\RouteCollection))
#3 D:\DILLON RPL XIIC\pg\system\CodeIgniter.php(326): CodeIgniter\CodeIgniter->handleRequest(NULL, Object(Config\Cache), false)
#4 D:\DILLON RPL XIIC\pg\public\index.php(37): CodeIgniter\CodeIgniter->run()
#5 D:\DILLON RPL XIIC\pg\system\Commands\Server\rewrite.php(43): require_once('D:\\DILLON RPL X...')
#6 {main}
